빌드 시작: 2013-11-19 오후 10:08:29
     1>2 노드의 "c:\Users\ssu_user\documents\visual studio 2010\Projects\SSUM\SSUM\SSUM.vcxproj" 프로젝트(build 대상)입니다.
     1>InitializeBuildStatus:
         "AlwaysCreate"이(가) 지정되었기 때문에 "Debug\SSUM.unsuccessfulbuild"을(를) 만들고 있습니다.
       ClCompile:
         모든 출력이 최신 상태입니다.
         모든 출력이 최신 상태입니다.
       ResourceCompile:
         C:\Program Files (x86)\Microsoft SDKs\Windows\v7.0A\bin\rc.exe /D _DEBUG /D _UNICODE /D UNICODE /D _AFXDLL /l"0x0412" /IDebug\ /nologo /fo"Debug\SSUM.res" SSUM.rc 
       ManifestResourceCompile:
         모든 출력이 최신 상태입니다.
       Link:
         C:\Program Files (x86)\Microsoft Visual Studio 10.0\VC\bin\link.exe /ERRORREPORT:PROMPT /OUT:"c:\users\ssu_user\documents\visual studio 2010\Projects\SSUM\Debug\SSUM.exe" /INCREMENTAL /NOLOGO /MANIFEST /ManifestFile:"Debug\SSUM.exe.intermediate.manifest" /MANIFESTUAC:"level='asInvoker' uiAccess='false'" /DEBUG /PDB:"c:\users\ssu_user\documents\visual studio 2010\Projects\SSUM\Debug\SSUM.pdb" /SUBSYSTEM:WINDOWS /TLBID:1 /ENTRY:"wWinMainCRTStartup" /DYNAMICBASE /NXCOMPAT /IMPLIB:"c:\users\ssu_user\documents\visual studio 2010\Projects\SSUM\Debug\SSUM.lib" /MACHINE:X86 Debug\SSUM.res
         Debug\SSUM.exe.embed.manifest.res
         Debug\CRDlg.obj
         Debug\JoinDlg.obj
         Debug\MainFrm.obj
         Debug\SSUM.obj
         Debug\SSUMDoc.obj
         Debug\SSUMView.obj
         Debug\stdafx.obj
         Debug\TestDlg.obj
         Debug\User.obj
       Manifest:
         C:\Program Files (x86)\Microsoft SDKs\Windows\v7.0A\bin\mt.exe /nologo /verbose /out:"Debug\SSUM.exe.embed.manifest" /manifest Debug\SSUM.exe.intermediate.manifest "C:\Program Files (x86)\Microsoft Visual Studio 10.0\VC\Include\Manifest\dpiaware.manifest"
         모든 출력이 최신 상태입니다.
       LinkEmbedManifest:
         모든 출력이 최신 상태입니다.
         SSUM.vcxproj -> c:\users\ssu_user\documents\visual studio 2010\Projects\SSUM\Debug\SSUM.exe
       FinalizeBuildStatus:
         "Debug\SSUM.unsuccessfulbuild" 파일을 삭제하고 있습니다.
         "Debug\SSUM.lastbuildstate"에 연결(touching)하고 있습니다.
     1>"c:\Users\ssu_user\documents\visual studio 2010\Projects\SSUM\SSUM\SSUM.vcxproj" 프로젝트를 빌드했습니다(build 대상).

빌드했습니다.

경과 시간: 00:00:00.46
